c:\users\dragon\source\repos\minesweeper\minesweeperassignment1\minesweeper\debug\vc142.pdb
c:\users\dragon\source\repos\minesweeper\minesweeperassignment1\minesweeper\debug\vc142.idb
c:\users\dragon\source\repos\minesweeper\minesweeperassignment1\minesweeper\debug\minesweeper.obj
c:\users\dragon\source\repos\minesweeper\minesweeperassignment1\minesweeper\debug\helloworldclass.obj
c:\users\dragon\source\repos\minesweeper\minesweeperassignment1\minesweeper\debug\helloworld.obj
c:\users\dragon\source\repos\minesweeper\minesweeperassignment1\minesweeper\debug\helloworldclass.obj.enc
c:\users\dragon\source\repos\minesweeper\minesweeperassignment1\minesweeper\debug\minesweeper.new.obj.enc
c:\users\dragon\source\repos\minesweeper\minesweeperassignment1\debug\minesweeperassignment1.pdb
c:\users\dragon\source\repos\minesweeper\minesweeperassignment1\minesweeper\debug\mineswee.57a4cf11.tlog\cl.command.1.tlog
c:\users\dragon\source\repos\minesweeper\minesweeperassignment1\minesweeper\debug\mineswee.57a4cf11.tlog\cl.read.1.tlog
c:\users\dragon\source\repos\minesweeper\minesweeperassignment1\minesweeper\debug\mineswee.57a4cf11.tlog\cl.write.1.tlog
c:\users\dragon\source\repos\minesweeper\minesweeperassignment1\minesweeper\debug\mineswee.57a4cf11.tlog\link.15428-cvtres.read.1.tlog
c:\users\dragon\source\repos\minesweeper\minesweeperassignment1\minesweeper\debug\mineswee.57a4cf11.tlog\link.15428-cvtres.write.1.tlog
c:\users\dragon\source\repos\minesweeper\minesweeperassignment1\minesweeper\debug\mineswee.57a4cf11.tlog\link.15428-rc.read.1.tlog
c:\users\dragon\source\repos\minesweeper\minesweeperassignment1\minesweeper\debug\mineswee.57a4cf11.tlog\link.15428-rc.write.1.tlog
c:\users\dragon\source\repos\minesweeper\minesweeperassignment1\minesweeper\debug\mineswee.57a4cf11.tlog\link.15428.read.1.tlog
c:\users\dragon\source\repos\minesweeper\minesweeperassignment1\minesweeper\debug\mineswee.57a4cf11.tlog\link.15428.write.1.tlog
c:\users\dragon\source\repos\minesweeper\minesweeperassignment1\minesweeper\debug\mineswee.57a4cf11.tlog\link.command.1.tlog
c:\users\dragon\source\repos\minesweeper\minesweeperassignment1\minesweeper\debug\mineswee.57a4cf11.tlog\link.read.1.tlog
c:\users\dragon\source\repos\minesweeper\minesweeperassignment1\minesweeper\debug\mineswee.57a4cf11.tlog\link.write.1.tlog
